<?xml version="1.0" encoding="UTF-8"?>
<!-- Generated by org.testng.reporters.JUnitReportReporter -->
<testsuite hostname="lap-hyd-0x81095" failures="0" tests="2" name="Academy.tests.StandAloneTest" time="0.001" errors="0" timestamp="06 Feb 2023 08:48:11 GMT" skipped="2">
  <testcase classname="Academy.tests.StandAloneTest" name="orderHistoryTest" time="0.001">
    <skipped/>
  </testcase> <!-- orderHistoryTest -->
  <testcase classname="Academy.tests.StandAloneTest" name="submitOrder" time="0.000">
    <skipped/>
  </testcase> <!-- submitOrder -->
</testsuite> <!-- Academy.tests.StandAloneTest -->
