<?xml version="1.0" encoding="UTF-8"?>
<!-- Generated by org.testng.reporters.JUnitReportReporter -->
<testsuite hostname="lap-hyd-0x81095" failures="0" tests="4" name="Academy.tests.ExcelDataProvider" time="0.010" errors="0" timestamp="02 Jan 2023 14:21:30 GMT" skipped="0">
  <testcase classname="Academy.tests.ExcelDataProvider" name="testCaseData" time="0.001"/>
  <testcase classname="Academy.tests.ExcelDataProvider" name="testCaseData" time="0.007"/>
  <testcase classname="Academy.tests.ExcelDataProvider" name="testCaseData" time="0.001"/>
  <testcase classname="Academy.tests.ExcelDataProvider" name="testCaseData" time="0.001"/>
</testsuite> <!-- Academy.tests.ExcelDataProvider -->
