<?xml version="1.0" encoding="UTF-8"?>
<!-- Generated by org.testng.reporters.JUnitReportReporter -->
<testsuite hostname="lap-hyd-0x81095" failures="0" tests="2" name="Academy.tests.ErrorValidations" time="30.493" errors="0" timestamp="29 Dec 2022 16:59:21 GMT" skipped="0">
  <testcase classname="Academy.tests.ErrorValidations" name="productErrorValidation" time="15.127"/>
  <testcase classname="Academy.tests.ErrorValidations" name="loginErrorValidations" time="15.366"/>
</testsuite> <!-- Academy.tests.ErrorValidations -->
