<?xml version="1.0" encoding="UTF-8"?>
<!-- Generated by org.testng.reporters.JUnitReportReporter -->
<testsuite skipped="0" hostname="lap-hyd-0x81095" name="Academy.tests.ErrorValidationsTest" tests="2" failures="0" timestamp="02 Jan 2023 14:27:57 GMT" time="32.743" errors="0">
  <testcase name="productErrorValidation" time="22.365" classname="Academy.tests.ErrorValidationsTest"/>
  <testcase name="loginErrorValidations" time="10.378" classname="Academy.tests.ErrorValidationsTest"/>
</testsuite> <!-- Academy.tests.ErrorValidationsTest -->
