<?xml version="1.0" encoding="UTF-8"?>
<!-- Generated by org.testng.reporters.JUnitReportReporter -->
<testsuite skipped="0" hostname="lap-hyd-0x81095" name="Academy.tests.ExcelDataProvider" tests="4" failures="0" timestamp="02 Jan 2023 14:27:57 GMT" time="0.007" errors="0">
  <testcase name="testCaseData" time="0.000" classname="Academy.tests.ExcelDataProvider"/>
  <testcase name="testCaseData" time="0.001" classname="Academy.tests.ExcelDataProvider"/>
  <testcase name="testCaseData" time="0.006" classname="Academy.tests.ExcelDataProvider"/>
  <testcase name="testCaseData" time="0.000" classname="Academy.tests.ExcelDataProvider"/>
</testsuite> <!-- Academy.tests.ExcelDataProvider -->
