<?xml version="1.0" encoding="UTF-8"?>
<!-- Generated by org.testng.reporters.JUnitReportReporter -->
<testsuite skipped="0" hostname="lap-hyd-0x81095" name="Academy.tests.StandAloneTest" tests="3" failures="0" timestamp="02 Jan 2023 14:27:57 GMT" time="39.744" errors="0">
  <testcase name="submitOrder" time="17.034" classname="Academy.tests.StandAloneTest"/>
  <testcase name="orderHistoryTest" time="8.642" classname="Academy.tests.StandAloneTest"/>
  <testcase name="submitOrder" time="14.068" classname="Academy.tests.StandAloneTest"/>
</testsuite> <!-- Academy.tests.StandAloneTest -->
