<?xml version="1.0" encoding="UTF-8"?>
<!-- Generated by org.testng.reporters.JUnitReportReporter -->
<testsuite skipped="0" hostname="lap-hyd-0x81095" name="Academy.tests.JdbcConection" tests="1" failures="0" timestamp="02 Jan 2023 14:29:26 GMT" time="0.449" errors="0">
  <testcase name="getMysqlConnection" time="0.449" classname="Academy.tests.JdbcConection"/>
</testsuite> <!-- Academy.tests.JdbcConection -->
